  CameraManager.cpp
  ParticleComponent.cpp
  ParticleEmitterComponent.cpp
  SoundComponent.cpp
  AnimationManager.cpp
  AnimationComponent.cpp
  CollidablePhysicsComponent.cpp
  CollidableComponent.cpp
  CollisionManager.cpp
  SoundManager.cpp
  GameBoard.cpp
  RenderComponent.cpp
  Component.cpp
  main.cpp
  Entity.cpp
  GameEngineMain.cpp
  TextureManager.cpp
  SpriteRenderComponent.cpp
  Generating Code...
  UbiGame.vcxproj -> C:\Users\m9emm\SheHacksProj\Game\HackersNest-main\UbiGame_FloorIsLava\bin\x64\Debug\UbiGame.exe
  C:\Users\m9emm\SheHacksProj\Game\HackersNest-main\UbiGame_FloorIsLava\Resources\PLACE_YOUR_RESOURCES_HERE
  1 File(s) copied
  C:\Users\m9emm\SheHacksProj\Game\HackersNest-main\UbiGame_FloorIsLava\..\SFML-2.5.0\bin\openal32.dll
  C:\Users\m9emm\SheHacksProj\Game\HackersNest-main\UbiGame_FloorIsLava\..\SFML-2.5.0\bin\sfml-audio-2.dll
  C:\Users\m9emm\SheHacksProj\Game\HackersNest-main\UbiGame_FloorIsLava\..\SFML-2.5.0\bin\sfml-audio-d-2.dll
  C:\Users\m9emm\SheHacksProj\Game\HackersNest-main\UbiGame_FloorIsLava\..\SFML-2.5.0\bin\sfml-graphics-2.dll
  C:\Users\m9emm\SheHacksProj\Game\HackersNest-main\UbiGame_FloorIsLava\..\SFML-2.5.0\bin\sfml-graphics-d-2.dll
  C:\Users\m9emm\SheHacksProj\Game\HackersNest-main\UbiGame_FloorIsLava\..\SFML-2.5.0\bin\sfml-network-2.dll
  C:\Users\m9emm\SheHacksProj\Game\HackersNest-main\UbiGame_FloorIsLava\..\SFML-2.5.0\bin\sfml-network-d-2.dll
  C:\Users\m9emm\SheHacksProj\Game\HackersNest-main\UbiGame_FloorIsLava\..\SFML-2.5.0\bin\sfml-system-2.dll
  C:\Users\m9emm\SheHacksProj\Game\HackersNest-main\UbiGame_FloorIsLava\..\SFML-2.5.0\bin\sfml-system-d-2.dll
  C:\Users\m9emm\SheHacksProj\Game\HackersNest-main\UbiGame_FloorIsLava\..\SFML-2.5.0\bin\sfml-window-2.dll
  C:\Users\m9emm\SheHacksProj\Game\HackersNest-main\UbiGame_FloorIsLava\..\SFML-2.5.0\bin\sfml-window-d-2.dll
  11 File(s) copied
