  TextureManager.cpp
  UbiGame.vcxproj -> C:\Users\sokha\Desktop\HackersNest-3eb07853963049a1cecb840e1bc7cb48c4813a35\HackersNest-3eb07853963049a1cecb840e1bc7cb48c4813a35\UbiGame_FlappBird\x64\Debug\UbiGame.exe
  C:\Users\sokha\Desktop\HackersNest-3eb07853963049a1cecb840e1bc7cb48c4813a35\HackersNest-3eb07853963049a1cecb840e1bc7cb48c4813a35\UbiGame_FlappBird\Resources\img\bg.png
  C:\Users\sokha\Desktop\HackersNest-3eb07853963049a1cecb840e1bc7cb48c4813a35\HackersNest-3eb07853963049a1cecb840e1bc7cb48c4813a35\UbiGame_FlappBird\Resources\img\particles.png
  C:\Users\sokha\Desktop\HackersNest-3eb07853963049a1cecb840e1bc7cb48c4813a35\HackersNest-3eb07853963049a1cecb840e1bc7cb48c4813a35\UbiGame_FlappBird\Resources\img\player.png
  C:\Users\sokha\Desktop\HackersNest-3eb07853963049a1cecb840e1bc7cb48c4813a35\HackersNest-3eb07853963049a1cecb840e1bc7cb48c4813a35\UbiGame_FlappBird\Resources\img\tileset.png
  C:\Users\sokha\Desktop\HackersNest-3eb07853963049a1cecb840e1bc7cb48c4813a35\HackersNest-3eb07853963049a1cecb840e1bc7cb48c4813a35\UbiGame_FlappBird\Resources\img\win.png
  C:\Users\sokha\Desktop\HackersNest-3eb07853963049a1cecb840e1bc7cb48c4813a35\HackersNest-3eb07853963049a1cecb840e1bc7cb48c4813a35\UbiGame_FlappBird\Resources\snd\glassBreak.wav
  C:\Users\sokha\Desktop\HackersNest-3eb07853963049a1cecb840e1bc7cb48c4813a35\HackersNest-3eb07853963049a1cecb840e1bc7cb48c4813a35\UbiGame_FlappBird\Resources\snd\thunder.wav
  7 File(s) copied
  C:\Users\sokha\Desktop\HackersNest-3eb07853963049a1cecb840e1bc7cb48c4813a35\HackersNest-3eb07853963049a1cecb840e1bc7cb48c4813a35\UbiGame_FlappBird\..\SFML-2.5.0\bin\openal32.dll
  C:\Users\sokha\Desktop\HackersNest-3eb07853963049a1cecb840e1bc7cb48c4813a35\HackersNest-3eb07853963049a1cecb840e1bc7cb48c4813a35\UbiGame_FlappBird\..\SFML-2.5.0\bin\sfml-audio-2.dll
  C:\Users\sokha\Desktop\HackersNest-3eb07853963049a1cecb840e1bc7cb48c4813a35\HackersNest-3eb07853963049a1cecb840e1bc7cb48c4813a35\UbiGame_FlappBird\..\SFML-2.5.0\bin\sfml-audio-d-2.dll
  C:\Users\sokha\Desktop\HackersNest-3eb07853963049a1cecb840e1bc7cb48c4813a35\HackersNest-3eb07853963049a1cecb840e1bc7cb48c4813a35\UbiGame_FlappBird\..\SFML-2.5.0\bin\sfml-graphics-2.dll
  C:\Users\sokha\Desktop\HackersNest-3eb07853963049a1cecb840e1bc7cb48c4813a35\HackersNest-3eb07853963049a1cecb840e1bc7cb48c4813a35\UbiGame_FlappBird\..\SFML-2.5.0\bin\sfml-graphics-d-2.dll
  C:\Users\sokha\Desktop\HackersNest-3eb07853963049a1cecb840e1bc7cb48c4813a35\HackersNest-3eb07853963049a1cecb840e1bc7cb48c4813a35\UbiGame_FlappBird\..\SFML-2.5.0\bin\sfml-network-2.dll
  C:\Users\sokha\Desktop\HackersNest-3eb07853963049a1cecb840e1bc7cb48c4813a35\HackersNest-3eb07853963049a1cecb840e1bc7cb48c4813a35\UbiGame_FlappBird\..\SFML-2.5.0\bin\sfml-network-d-2.dll
  C:\Users\sokha\Desktop\HackersNest-3eb07853963049a1cecb840e1bc7cb48c4813a35\HackersNest-3eb07853963049a1cecb840e1bc7cb48c4813a35\UbiGame_FlappBird\..\SFML-2.5.0\bin\sfml-system-2.dll
  C:\Users\sokha\Desktop\HackersNest-3eb07853963049a1cecb840e1bc7cb48c4813a35\HackersNest-3eb07853963049a1cecb840e1bc7cb48c4813a35\UbiGame_FlappBird\..\SFML-2.5.0\bin\sfml-system-d-2.dll
  C:\Users\sokha\Desktop\HackersNest-3eb07853963049a1cecb840e1bc7cb48c4813a35\HackersNest-3eb07853963049a1cecb840e1bc7cb48c4813a35\UbiGame_FlappBird\..\SFML-2.5.0\bin\sfml-window-2.dll
  C:\Users\sokha\Desktop\HackersNest-3eb07853963049a1cecb840e1bc7cb48c4813a35\HackersNest-3eb07853963049a1cecb840e1bc7cb48c4813a35\UbiGame_FlappBird\..\SFML-2.5.0\bin\sfml-window-d-2.dll
  11 File(s) copied
