c:\users\sokha\desktop\hackersnest-3eb07853963049a1cecb840e1bc7cb48c4813a35\hackersnest-3eb07853963049a1cecb840e1bc7cb48c4813a35\ubigame_flappbird\x64\debug\vc142.pdb
c:\users\sokha\desktop\hackersnest-3eb07853963049a1cecb840e1bc7cb48c4813a35\hackersnest-3eb07853963049a1cecb840e1bc7cb48c4813a35\ubigame_flappbird\x64\debug\vc142.idb
c:\users\sokha\desktop\hackersnest-3eb07853963049a1cecb840e1bc7cb48c4813a35\hackersnest-3eb07853963049a1cecb840e1bc7cb48c4813a35\ubigame_flappbird\x64\debug\entity.obj
c:\users\sokha\desktop\hackersnest-3eb07853963049a1cecb840e1bc7cb48c4813a35\hackersnest-3eb07853963049a1cecb840e1bc7cb48c4813a35\ubigame_flappbird\x64\debug\main.obj
c:\users\sokha\desktop\hackersnest-3eb07853963049a1cecb840e1bc7cb48c4813a35\hackersnest-3eb07853963049a1cecb840e1bc7cb48c4813a35\ubigame_flappbird\x64\debug\component.obj
c:\users\sokha\desktop\hackersnest-3eb07853963049a1cecb840e1bc7cb48c4813a35\hackersnest-3eb07853963049a1cecb840e1bc7cb48c4813a35\ubigame_flappbird\x64\debug\rendercomponent.obj
c:\users\sokha\desktop\hackersnest-3eb07853963049a1cecb840e1bc7cb48c4813a35\hackersnest-3eb07853963049a1cecb840e1bc7cb48c4813a35\ubigame_flappbird\x64\debug\gameboard.obj
c:\users\sokha\desktop\hackersnest-3eb07853963049a1cecb840e1bc7cb48c4813a35\hackersnest-3eb07853963049a1cecb840e1bc7cb48c4813a35\ubigame_flappbird\x64\debug\playerentity.obj
c:\users\sokha\desktop\hackersnest-3eb07853963049a1cecb840e1bc7cb48c4813a35\hackersnest-3eb07853963049a1cecb840e1bc7cb48c4813a35\ubigame_flappbird\x64\debug\playermovementcomponent.obj
c:\users\sokha\desktop\hackersnest-3eb07853963049a1cecb840e1bc7cb48c4813a35\hackersnest-3eb07853963049a1cecb840e1bc7cb48c4813a35\ubigame_flappbird\x64\debug\obstacleentity.obj
c:\users\sokha\desktop\hackersnest-3eb07853963049a1cecb840e1bc7cb48c4813a35\hackersnest-3eb07853963049a1cecb840e1bc7cb48c4813a35\ubigame_flappbird\x64\debug\soundmanager.obj
c:\users\sokha\desktop\hackersnest-3eb07853963049a1cecb840e1bc7cb48c4813a35\hackersnest-3eb07853963049a1cecb840e1bc7cb48c4813a35\ubigame_flappbird\x64\debug\collisionmanager.obj
c:\users\sokha\desktop\hackersnest-3eb07853963049a1cecb840e1bc7cb48c4813a35\hackersnest-3eb07853963049a1cecb840e1bc7cb48c4813a35\ubigame_flappbird\x64\debug\collidablecomponent.obj
c:\users\sokha\desktop\hackersnest-3eb07853963049a1cecb840e1bc7cb48c4813a35\hackersnest-3eb07853963049a1cecb840e1bc7cb48c4813a35\ubigame_flappbird\x64\debug\collidablephysicscomponent.obj
c:\users\sokha\desktop\hackersnest-3eb07853963049a1cecb840e1bc7cb48c4813a35\hackersnest-3eb07853963049a1cecb840e1bc7cb48c4813a35\ubigame_flappbird\x64\debug\animationcomponent.obj
c:\users\sokha\desktop\hackersnest-3eb07853963049a1cecb840e1bc7cb48c4813a35\hackersnest-3eb07853963049a1cecb840e1bc7cb48c4813a35\ubigame_flappbird\x64\debug\animationmanager.obj
c:\users\sokha\desktop\hackersnest-3eb07853963049a1cecb840e1bc7cb48c4813a35\hackersnest-3eb07853963049a1cecb840e1bc7cb48c4813a35\ubigame_flappbird\x64\debug\soundcomponent.obj
c:\users\sokha\desktop\hackersnest-3eb07853963049a1cecb840e1bc7cb48c4813a35\hackersnest-3eb07853963049a1cecb840e1bc7cb48c4813a35\ubigame_flappbird\x64\debug\particleemittercomponent.obj
c:\users\sokha\desktop\hackersnest-3eb07853963049a1cecb840e1bc7cb48c4813a35\hackersnest-3eb07853963049a1cecb840e1bc7cb48c4813a35\ubigame_flappbird\x64\debug\particlecomponent.obj
c:\users\sokha\desktop\hackersnest-3eb07853963049a1cecb840e1bc7cb48c4813a35\hackersnest-3eb07853963049a1cecb840e1bc7cb48c4813a35\ubigame_flappbird\x64\debug\playersoundcomponent.obj
c:\users\sokha\desktop\hackersnest-3eb07853963049a1cecb840e1bc7cb48c4813a35\hackersnest-3eb07853963049a1cecb840e1bc7cb48c4813a35\ubigame_flappbird\x64\debug\cameramanager.obj
c:\users\sokha\desktop\hackersnest-3eb07853963049a1cecb840e1bc7cb48c4813a35\hackersnest-3eb07853963049a1cecb840e1bc7cb48c4813a35\ubigame_flappbird\x64\debug\playercameracomponent.obj
c:\users\sokha\desktop\hackersnest-3eb07853963049a1cecb840e1bc7cb48c4813a35\hackersnest-3eb07853963049a1cecb840e1bc7cb48c4813a35\ubigame_flappbird\x64\debug\end_messageentity.obj
c:\users\sokha\desktop\hackersnest-3eb07853963049a1cecb840e1bc7cb48c4813a35\hackersnest-3eb07853963049a1cecb840e1bc7cb48c4813a35\ubigame_flappbird\x64\debug\spriterendercomponent.obj
c:\users\sokha\desktop\hackersnest-3eb07853963049a1cecb840e1bc7cb48c4813a35\hackersnest-3eb07853963049a1cecb840e1bc7cb48c4813a35\ubigame_flappbird\x64\debug\texturemanager.obj
c:\users\sokha\desktop\hackersnest-3eb07853963049a1cecb840e1bc7cb48c4813a35\hackersnest-3eb07853963049a1cecb840e1bc7cb48c4813a35\ubigame_flappbird\x64\debug\gameenginemain.obj
c:\users\sokha\desktop\hackersnest-3eb07853963049a1cecb840e1bc7cb48c4813a35\hackersnest-3eb07853963049a1cecb840e1bc7cb48c4813a35\ubigame_flappbird\x64\debug\ubigame.exe
c:\users\sokha\desktop\hackersnest-3eb07853963049a1cecb840e1bc7cb48c4813a35\hackersnest-3eb07853963049a1cecb840e1bc7cb48c4813a35\ubigame_flappbird\x64\debug\ubigame.ilk
c:\users\sokha\desktop\hackersnest-3eb07853963049a1cecb840e1bc7cb48c4813a35\hackersnest-3eb07853963049a1cecb840e1bc7cb48c4813a35\ubigame_flappbird\x64\debug\ubigame.pdb
c:\users\sokha\desktop\hackersnest-3eb07853963049a1cecb840e1bc7cb48c4813a35\hackersnest-3eb07853963049a1cecb840e1bc7cb48c4813a35\ubigame_flappbird\x64\debug\ubigame.tlog\cl.command.1.tlog
c:\users\sokha\desktop\hackersnest-3eb07853963049a1cecb840e1bc7cb48c4813a35\hackersnest-3eb07853963049a1cecb840e1bc7cb48c4813a35\ubigame_flappbird\x64\debug\ubigame.tlog\cl.read.1.tlog
c:\users\sokha\desktop\hackersnest-3eb07853963049a1cecb840e1bc7cb48c4813a35\hackersnest-3eb07853963049a1cecb840e1bc7cb48c4813a35\ubigame_flappbird\x64\debug\ubigame.tlog\cl.write.1.tlog
c:\users\sokha\desktop\hackersnest-3eb07853963049a1cecb840e1bc7cb48c4813a35\hackersnest-3eb07853963049a1cecb840e1bc7cb48c4813a35\ubigame_flappbird\x64\debug\ubigame.tlog\link.command.1.tlog
c:\users\sokha\desktop\hackersnest-3eb07853963049a1cecb840e1bc7cb48c4813a35\hackersnest-3eb07853963049a1cecb840e1bc7cb48c4813a35\ubigame_flappbird\x64\debug\ubigame.tlog\link.read.1.tlog
c:\users\sokha\desktop\hackersnest-3eb07853963049a1cecb840e1bc7cb48c4813a35\hackersnest-3eb07853963049a1cecb840e1bc7cb48c4813a35\ubigame_flappbird\x64\debug\ubigame.tlog\link.write.1.tlog
